<?xml version="1.0" encoding="UTF-8"?>
<testng-results ignored="0" total="8" passed="8" failed="0" skipped="0">
  <reporter-output>
  </reporter-output>
  <suite started-at="2021-10-14T03:24:32 GMT-07:00" name="Default suite" finished-at="2021-10-14T03:25:18 GMT-07:00" duration-ms="46058">
    <groups>
    </groups>
    <test started-at="2021-10-14T03:24:32 GMT-07:00" name="Default test" finished-at="2021-10-14T03:25:18 GMT-07:00" duration-ms="46058">
      <class name="com.evs.coding.DataproviderFromExcel">
        <test-method is-config="true" signature="browserLaunch()[pri:0, instance:com.evs.coding.DataproviderFromExcel@2df9b86]" started-at="2021-10-14T03:24:33 GMT-07:00" name="browserLaunch" finished-at="2021-10-14T03:24:45 GMT-07:00" duration-ms="11625" status="PASS">
          <reporter-output>
          </reporter-output>
        </test-method> <!-- browserLaunch -->
        <test-method signature="asdf(java.lang.String,java.lang.String)[pri:0, instance:com.evs.coding.DataproviderFromExcel@2df9b86]" started-at="2021-10-14T03:24:45 GMT-07:00" name="asdf" data-provider="retest" finished-at="2021-10-14T03:24:45 GMT-07:00" duration-ms="430" status="PASS">
          <params>
            <param index="0">
              <value>
                <![CDATA[UserName]]>
              </value>
            </param>
            <param index="1">
              <value>
                <![CDATA[Password]]>
              </value>
            </param>
          </params>
          <reporter-output>
          </reporter-output>
        </test-method> <!-- asdf -->
        <test-method is-config="true" signature="browserLaunch()[pri:0, instance:com.evs.coding.DataproviderFromExcel@2df9b86]" started-at="2021-10-14T03:24:45 GMT-07:00" name="browserLaunch" finished-at="2021-10-14T03:24:49 GMT-07:00" duration-ms="3686" status="PASS">
          <reporter-output>
          </reporter-output>
        </test-method> <!-- browserLaunch -->
        <test-method signature="asdf(java.lang.String,java.lang.String)[pri:0, instance:com.evs.coding.DataproviderFromExcel@2df9b86]" started-at="2021-10-14T03:24:49 GMT-07:00" name="asdf" data-provider="retest" finished-at="2021-10-14T03:24:49 GMT-07:00" duration-ms="332" status="PASS">
          <params>
            <param index="0">
              <value>
                <![CDATA[sudha]]>
              </value>
            </param>
            <param index="1">
              <value>
                <![CDATA[yadav]]>
              </value>
            </param>
          </params>
          <reporter-output>
          </reporter-output>
        </test-method> <!-- asdf -->
        <test-method is-config="true" signature="browserLaunch()[pri:0, instance:com.evs.coding.DataproviderFromExcel@2df9b86]" started-at="2021-10-14T03:24:49 GMT-07:00" name="browserLaunch" finished-at="2021-10-14T03:24:53 GMT-07:00" duration-ms="3851" status="PASS">
          <reporter-output>
          </reporter-output>
        </test-method> <!-- browserLaunch -->
        <test-method signature="asdf(java.lang.String,java.lang.String)[pri:0, instance:com.evs.coding.DataproviderFromExcel@2df9b86]" started-at="2021-10-14T03:24:53 GMT-07:00" name="asdf" data-provider="retest" finished-at="2021-10-14T03:24:53 GMT-07:00" duration-ms="410" status="PASS">
          <params>
            <param index="0">
              <value>
                <![CDATA[asha]]>
              </value>
            </param>
            <param index="1">
              <value>
                <![CDATA[gautam]]>
              </value>
            </param>
          </params>
          <reporter-output>
          </reporter-output>
        </test-method> <!-- asdf -->
        <test-method is-config="true" signature="browserLaunch()[pri:0, instance:com.evs.coding.DataproviderFromExcel@2df9b86]" started-at="2021-10-14T03:24:53 GMT-07:00" name="browserLaunch" finished-at="2021-10-14T03:24:57 GMT-07:00" duration-ms="4064" status="PASS">
          <reporter-output>
          </reporter-output>
        </test-method> <!-- browserLaunch -->
        <test-method signature="asdf(java.lang.String,java.lang.String)[pri:0, instance:com.evs.coding.DataproviderFromExcel@2df9b86]" started-at="2021-10-14T03:24:57 GMT-07:00" name="asdf" data-provider="retest" finished-at="2021-10-14T03:24:58 GMT-07:00" duration-ms="449" status="PASS">
          <params>
            <param index="0">
              <value>
                <![CDATA[prity]]>
              </value>
            </param>
            <param index="1">
              <value>
                <![CDATA[kanaujiya]]>
              </value>
            </param>
          </params>
          <reporter-output>
          </reporter-output>
        </test-method> <!-- asdf -->
        <test-method is-config="true" signature="browserLaunch()[pri:0, instance:com.evs.coding.DataproviderFromExcel@2df9b86]" started-at="2021-10-14T03:24:58 GMT-07:00" name="browserLaunch" finished-at="2021-10-14T03:25:02 GMT-07:00" duration-ms="4018" status="PASS">
          <reporter-output>
          </reporter-output>
        </test-method> <!-- browserLaunch -->
        <test-method signature="asdf(java.lang.String,java.lang.String)[pri:0, instance:com.evs.coding.DataproviderFromExcel@2df9b86]" started-at="2021-10-14T03:25:02 GMT-07:00" name="asdf" data-provider="retest" finished-at="2021-10-14T03:25:02 GMT-07:00" duration-ms="449" status="PASS">
          <params>
            <param index="0">
              <value>
                <![CDATA[sunita]]>
              </value>
            </param>
            <param index="1">
              <value>
                <![CDATA[pal]]>
              </value>
            </param>
          </params>
          <reporter-output>
          </reporter-output>
        </test-method> <!-- asdf -->
        <test-method is-config="true" signature="browserLaunch()[pri:0, instance:com.evs.coding.DataproviderFromExcel@2df9b86]" started-at="2021-10-14T03:25:02 GMT-07:00" name="browserLaunch" finished-at="2021-10-14T03:25:07 GMT-07:00" duration-ms="4407" status="PASS">
          <reporter-output>
          </reporter-output>
        </test-method> <!-- browserLaunch -->
        <test-method signature="asdf(java.lang.String,java.lang.String)[pri:0, instance:com.evs.coding.DataproviderFromExcel@2df9b86]" started-at="2021-10-14T03:25:07 GMT-07:00" name="asdf" data-provider="retest" finished-at="2021-10-14T03:25:07 GMT-07:00" duration-ms="432" status="PASS">
          <params>
            <param index="0">
              <value>
                <![CDATA[admin]]>
              </value>
            </param>
            <param index="1">
              <value>
                <![CDATA[admin]]>
              </value>
            </param>
          </params>
          <reporter-output>
          </reporter-output>
        </test-method> <!-- asdf -->
        <test-method is-config="true" signature="browserLaunch()[pri:0, instance:com.evs.coding.DataproviderFromExcel@2df9b86]" started-at="2021-10-14T03:25:07 GMT-07:00" name="browserLaunch" finished-at="2021-10-14T03:25:12 GMT-07:00" duration-ms="4857" status="PASS">
          <reporter-output>
          </reporter-output>
        </test-method> <!-- browserLaunch -->
        <test-method signature="asdf(java.lang.String,java.lang.String)[pri:0, instance:com.evs.coding.DataproviderFromExcel@2df9b86]" started-at="2021-10-14T03:25:12 GMT-07:00" name="asdf" data-provider="retest" finished-at="2021-10-14T03:25:12 GMT-07:00" duration-ms="511" status="PASS">
          <params>
            <param index="0">
              <value>
                <![CDATA[madhu]]>
              </value>
            </param>
            <param index="1">
              <value>
                <![CDATA[saroj]]>
              </value>
            </param>
          </params>
          <reporter-output>
          </reporter-output>
        </test-method> <!-- asdf -->
        <test-method is-config="true" signature="browserLaunch()[pri:0, instance:com.evs.coding.DataproviderFromExcel@2df9b86]" started-at="2021-10-14T03:25:12 GMT-07:00" name="browserLaunch" finished-at="2021-10-14T03:25:17 GMT-07:00" duration-ms="4768" status="PASS">
          <reporter-output>
          </reporter-output>
        </test-method> <!-- browserLaunch -->
        <test-method signature="asdf(java.lang.String,java.lang.String)[pri:0, instance:com.evs.coding.DataproviderFromExcel@2df9b86]" started-at="2021-10-14T03:25:17 GMT-07:00" name="asdf" data-provider="retest" finished-at="2021-10-14T03:25:18 GMT-07:00" duration-ms="694" status="PASS">
          <params>
            <param index="0">
              <value>
                <![CDATA[roshan ]]>
              </value>
            </param>
            <param index="1">
              <value>
                <![CDATA[rajbhar]]>
              </value>
            </param>
          </params>
          <reporter-output>
          </reporter-output>
        </test-method> <!-- asdf -->
      </class> <!-- com.evs.coding.DataproviderFromExcel -->
    </test> <!-- Default test -->
  </suite> <!-- Default suite -->
</testng-results>
